Determining if the pthread_create exist failed with the following output:
Change Dir: /root/ros_ws/build/CMakeFiles/CMakeTmp

Run Build Command:"/usr/bin/make" "cmTC_b6ad4/fast"
/usr/bin/make -f CMakeFiles/cmTC_b6ad4.dir/build.make CMakeFiles/cmTC_b6ad4.dir/build
make[1]: Entering directory '/root/ros_ws/build/CMakeFiles/CMakeTmp'
Building C object CMakeFiles/cmTC_b6ad4.dir/CheckSymbolExists.c.o
/usr/bin/cc    -o CMakeFiles/cmTC_b6ad4.dir/CheckSymbolExists.c.o   -c /root/ros_ws/build/CMakeFiles/CMakeTmp/CheckSymbolExists.c
Linking C executable cmTC_b6ad4
/usr/bin/cmake -E cmake_link_script CMakeFiles/cmTC_b6ad4.dir/link.txt --verbose=1
/usr/bin/cc      -rdynamic CMakeFiles/cmTC_b6ad4.dir/CheckSymbolExists.c.o  -o cmTC_b6ad4 
CMakeFiles/cmTC_b6ad4.dir/CheckSymbolExists.c.o: In function `main':
CheckSymbolExists.c:(.text+0x14): undefined reference to `pthread_create'
CheckSymbolExists.c:(.text+0x18): undefined reference to `pthread_create'
collect2: error: ld returned 1 exit status
CMakeFiles/cmTC_b6ad4.dir/build.make:97: recipe for target 'cmTC_b6ad4' failed
make[1]: *** [cmTC_b6ad4] Error 1
make[1]: Leaving directory '/root/ros_ws/build/CMakeFiles/CMakeTmp'
Makefile:126: recipe for target 'cmTC_b6ad4/fast' failed
make: *** [cmTC_b6ad4/fast] Error 2

File /root/ros_ws/build/CMakeFiles/CMakeTmp/CheckSymbolExists.c:
/* */
#include <pthread.h>

int main(int argc, char** argv)
{
  (void)argv;
#ifndef pthread_create
  return ((int*)(&pthread_create))[argc];
#else
  (void)argc;
  return 0;
#endif
}

Determining if the function pthread_create exists in the pthreads failed with the following output:
Change Dir: /root/ros_ws/build/CMakeFiles/CMakeTmp

Run Build Command:"/usr/bin/make" "cmTC_08b4a/fast"
/usr/bin/make -f CMakeFiles/cmTC_08b4a.dir/build.make CMakeFiles/cmTC_08b4a.dir/build
make[1]: Entering directory '/root/ros_ws/build/CMakeFiles/CMakeTmp'
Building C object CMakeFiles/cmTC_08b4a.dir/CheckFunctionExists.c.o
/usr/bin/cc   -DCHECK_FUNCTION_EXISTS=pthread_create   -o CMakeFiles/cmTC_08b4a.dir/CheckFunctionExists.c.o   -c /usr/share/cmake-3.10/Modules/CheckFunctionExists.c
Linking C executable cmTC_08b4a
/usr/bin/cmake -E cmake_link_script CMakeFiles/cmTC_08b4a.dir/link.txt --verbose=1
/usr/bin/cc  -DCHECK_FUNCTION_EXISTS=pthread_create    -rdynamic CMakeFiles/cmTC_08b4a.dir/CheckFunctionExists.c.o  -o cmTC_08b4a -lpthreads 
/usr/bin/ld: cannot find -lpthreads
collect2: error: ld returned 1 exit status
CMakeFiles/cmTC_08b4a.dir/build.make:97: recipe for target 'cmTC_08b4a' failed
make[1]: *** [cmTC_08b4a] Error 1
make[1]: Leaving directory '/root/ros_ws/build/CMakeFiles/CMakeTmp'
Makefile:126: recipe for target 'cmTC_08b4a/fast' failed
make: *** [cmTC_08b4a/fast] Error 2


